<?xml version="1.0" encoding="UTF-8"?>
<!-- Generated by org.testng.reporters.JUnitReportReporter -->
<testsuite skipped="0" hostname="Ratan" name="pageObjectModel.Simplepom" tests="1" failures="0" timestamp="2020-12-15T12:46:23 IST" time="21.043" errors="0">
  <testcase name="f" time="21.043" classname="pageObjectModel.Simplepom"/>
  <system-out/>
</testsuite> <!-- pageObjectModel.Simplepom -->
