<?xml version="1.0" encoding="UTF-8"?>
<!-- Generated by org.testng.reporters.JUnitReportReporter -->
<testsuite skipped="0" hostname="Ratan" name="dataprovider.ProviderTest" tests="2" failures="0" timestamp="2020-12-16T13:43:25 IST" time="37.119" errors="0">
  <testcase name="launchBrowser" time="17.731" classname="dataprovider.ProviderTest"/>
  <system-out/>
  <testcase name="launchBrowser" time="19.388" classname="dataprovider.ProviderTest"/>
  <system-out/>
</testsuite> <!-- dataprovider.ProviderTest -->
