<?xml version="1.0" encoding="UTF-8"?>
<!-- Generated by org.testng.reporters.JUnitReportReporter -->
<testsuite skipped="0" hostname="Ratan" name="testonly.UdumeyTestcase" tests="1" failures="0" timestamp="2020-12-16T09:49:33 IST" time="22.359" errors="0">
  <testcase name="open_the_browser" time="22.359" classname="testonly.UdumeyTestcase"/>
  <system-out/>
</testsuite> <!-- testonly.UdumeyTestcase -->
