<?xml version="1.0" encoding="UTF-8"?>
<!-- Generated by org.testng.reporters.JUnitReportReporter -->
<testsuite skipped="0" hostname="Ratan" name="testonly.Testdetailsonly" tests="1" failures="0" timestamp="2020-12-15T16:46:33 IST" time="10.338" errors="0">
  <testcase name="open_the_browser" time="10.338" classname="testonly.Testdetailsonly"/>
  <system-out/>
</testsuite> <!-- testonly.Testdetailsonly -->
